<?xml version="1.0" encoding="UTF-8"?>
<testsuites name="jest tests" tests="4" failures="0" time="8.598">
  <testsuite name="Contacts APP" errors="0" failures="0" skipped="0" timestamp="2020-05-08T23:25:05" time="5.931" tests="4">
    <testcase classname="Contacts APP Should render Contact component" name="Contacts APP Should render Contact component" time="0.078">
    </testcase>
    <testcase classname="Contacts APP Should render Contacts component" name="Contacts APP Should render Contacts component" time="0.03">
    </testcase>
    <testcase classname="Contacts APP Should render Filters component" name="Contacts APP Should render Filters component" time="0.025">
    </testcase>
    <testcase classname="Contacts APP Should render Topbar component" name="Contacts APP Should render Topbar component" time="0.01">
    </testcase>
  </testsuite>
</testsuites>